<?xml version="1.0" encoding="UTF-8"?>
<robot generator="Robot 5.0.1 (Python 3.10.5 on win32)" generated="20220811 00:38:21.139" rpa="false" schemaversion="3">
<suite id="s1" name="loginpageTest" source="C:\Users\jshahavi\Desktop\Git\CloudTest\Tests\loginpageTest.robot">
<kw name="Zephyr test cycle" library="commonutility" type="SETUP">
<kw name="Create Cycle" library="Zephyrcycle">
<var>${cycle}</var>
<msg timestamp="20220811 00:38:23.463" level="INFO">CLOUDV-R120 created
The testcycle ID is when zephyr cycle created :CLOUDV-R120</msg>
<msg timestamp="20220811 00:38:23.464" level="INFO">${cycle} = CLOUDV-R120</msg>
<status status="PASS" starttime="20220811 00:38:22.543" endtime="20220811 00:38:23.464"/>
</kw>
<kw name="Set Suite Variable" library="BuiltIn">
<arg>${testcycle}</arg>
<arg>${cycle}</arg>
<doc>Makes a variable available everywhere within the scope of the current suite.</doc>
<msg timestamp="20220811 00:38:23.465" level="INFO">${testcycle} = CLOUDV-R120</msg>
<status status="PASS" starttime="20220811 00:38:23.464" endtime="20220811 00:38:23.465"/>
</kw>
<status status="PASS" starttime="20220811 00:38:22.542" endtime="20220811 00:38:23.465"/>
</kw>
<test id="s1-t1" name="CLOUDV-T2384: Verify Cloudvue Manager Valid Login" line="24">
<kw name="Open Web Browser" library="commonutility">
<arg>${cloudvuemanagerURL}</arg>
<arg>${browser}</arg>
<doc>The objective of this method is to open browser on the browserstack or local based on the request</doc>
<if>
<branch type="IF" condition="&quot;${platform}&quot; == &quot;bstack&quot;">
<kw name="Open Browser" library="SeleniumLibrary">
<arg>${cloudvuemanagerURL}</arg>
<arg>${browser}</arg>
<arg>remote_url=${REMOTE_URL}</arg>
<arg>desired_capabilities=browser:${browser},browser_version:${BROWSER_VERSION},os:${os},os_version:${OS_VERSION}</arg>
<doc>Opens a new browser instance to the optional ``url``.</doc>
<msg timestamp="20220811 00:38:23.472" level="INFO">Opening browser 'chrome' to base url 'https://dev-dashboard.cloudvue.com/login' through remote server at 'http://jitendra_x2E8IF:pTBJPjz8AAw3qLL1Ts27@hub-cloud.browserstack.com/wd/hub'.</msg>
<status status="PASS" starttime="20220811 00:38:23.470" endtime="20220811 00:38:32.370"/>
</kw>
<kw name="Get Session Id" library="SeleniumLibrary">
<var>${browserid2}</var>
<doc>Returns the currently active browser session id.</doc>
<msg timestamp="20220811 00:38:32.371" level="INFO">${browserid2} = 0fe3ab37616017416a06025f068663e101273726</msg>
<status status="PASS" starttime="20220811 00:38:32.371" endtime="20220811 00:38:32.371"/>
</kw>
<kw name="Set Test Variable" library="BuiltIn">
<arg>${browserid}</arg>
<arg>${browserid2}</arg>
<doc>Makes a variable available everywhere within the scope of the current test.</doc>
<msg timestamp="20220811 00:38:32.372" level="INFO">${browserid} = 0fe3ab37616017416a06025f068663e101273726</msg>
<status status="PASS" starttime="20220811 00:38:32.372" endtime="20220811 00:38:32.372"/>
</kw>
<status status="PASS" starttime="20220811 00:38:23.470" endtime="20220811 00:38:32.373"/>
</branch>
<branch type="ELSE IF" condition="&quot;${platform}&quot; == &quot;local&quot;">
<kw name="Open Browser" library="SeleniumLibrary">
<arg>${cloudvuemanagerURL}</arg>
<arg>${browser}</arg>
<doc>Opens a new browser instance to the optional ``url``.</doc>
<status status="NOT RUN" starttime="20220811 00:38:32.373" endtime="20220811 00:38:32.373"/>
</kw>
<status status="NOT RUN" starttime="20220811 00:38:32.373" endtime="20220811 00:38:32.373"/>
</branch>
<status status="PASS" starttime="20220811 00:38:23.469" endtime="20220811 00:38:32.373"/>
</if>
<kw name="Maximize Browser Window" library="SeleniumLibrary">
<doc>Maximizes current browser window.</doc>
<status status="PASS" starttime="20220811 00:38:32.373" endtime="20220811 00:38:32.675"/>
</kw>
<status status="PASS" starttime="20220811 00:38:23.468" endtime="20220811 00:38:32.675"/>
</kw>
<kw name="Input User Name" library="loginpage">
<arg>${staffusername}</arg>
<doc>The objective of this method is to write the staff email ID</doc>
<kw name="Click Element" library="SeleniumLibrary">
<arg>${staffusernameid}</arg>
<doc>Click the element identified by ``locator``.</doc>
<msg timestamp="20220811 00:38:32.679" level="INFO">Clicking element 'id:loginEmail'.</msg>
<status status="PASS" starttime="20220811 00:38:32.678" endtime="20220811 00:38:33.086"/>
</kw>
<kw name="Input Text" library="SeleniumLibrary">
<arg>${staffusernameid}</arg>
<arg>${staffusername}</arg>
<doc>Types the given ``text`` into the text field identified by ``locator``.</doc>
<msg timestamp="20220811 00:38:33.088" level="INFO">Typing text 'shahavp71@gmail.com' into text field 'id:loginEmail'.</msg>
<status status="PASS" starttime="20220811 00:38:33.087" endtime="20220811 00:38:33.726"/>
</kw>
<status status="PASS" starttime="20220811 00:38:32.677" endtime="20220811 00:38:33.726"/>
</kw>
<kw name="Input password" library="loginpage">
<arg>${staffpassword}</arg>
<doc>The objective of this method is to write the staff Login password</doc>
<kw name="Input Text" library="SeleniumLibrary">
<arg>${staffpasswordid}</arg>
<arg>${staffpassword}</arg>
<doc>Types the given ``text`` into the text field identified by ``locator``.</doc>
<msg timestamp="20220811 00:38:33.730" level="INFO">Typing text 'Jci@12345' into text field 'id:loginPassword'.</msg>
<status status="PASS" starttime="20220811 00:38:33.729" endtime="20220811 00:38:34.415"/>
</kw>
<status status="PASS" starttime="20220811 00:38:33.728" endtime="20220811 00:38:34.417"/>
</kw>
<kw name="Click on Login Button" library="loginpage">
<doc>The objective of this method is to click on the login Button</doc>
<kw name="Click Button" library="SeleniumLibrary">
<arg>${loginbtn}</arg>
<doc>Clicks the button identified by ``locator``.</doc>
<msg timestamp="20220811 00:38:34.419" level="INFO">Clicking button 'xpath://button[@type="submit"]'.</msg>
<status status="PASS" starttime="20220811 00:38:34.418" endtime="20220811 00:38:35.749"/>
</kw>
<status status="PASS" starttime="20220811 00:38:34.417" endtime="20220811 00:38:35.750"/>
</kw>
<kw name="Verify Legacy Notice is present" library="commonutility">
<doc>The objective of this test case is to close legacy notification if it is preset on the screen</doc>
<kw name="Wait Until Element Is Visible" library="SeleniumLibrary">
<arg>${legacynotice}</arg>
<doc>Waits until the element ``locator`` is visible.</doc>
<status status="PASS" starttime="20220811 00:38:35.753" endtime="20220811 00:38:38.820"/>
</kw>
<kw name="Get Element Count" library="SeleniumLibrary">
<var>${countLegacyNoticeElement}</var>
<arg>${legacynotice}</arg>
<doc>Returns the number of elements matching ``locator``.</doc>
<msg timestamp="20220811 00:38:38.938" level="INFO">${countLegacyNoticeElement} = 1</msg>
<status status="PASS" starttime="20220811 00:38:38.821" endtime="20220811 00:38:38.938"/>
</kw>
<kw name="Log To Console" library="BuiltIn">
<arg>${countLegacyNoticeElement}</arg>
<doc>Logs the given message to the console.</doc>
<status status="PASS" starttime="20220811 00:38:38.939" endtime="20220811 00:38:38.941"/>
</kw>
<if>
<branch type="IF" condition="${countLegacyNoticeElement} &gt; 0">
<kw name="Click Element" library="SeleniumLibrary">
<arg>${LegacyNoticeOkayBtn}</arg>
<doc>Click the element identified by ``locator``.</doc>
<msg timestamp="20220811 00:38:38.945" level="INFO">Clicking element 'xpath://span[normalize-space()="Ok"]'.</msg>
<status status="PASS" starttime="20220811 00:38:38.943" endtime="20220811 00:38:39.776"/>
</kw>
<status status="PASS" starttime="20220811 00:38:38.943" endtime="20220811 00:38:39.776"/>
</branch>
<status status="PASS" starttime="20220811 00:38:38.941" endtime="20220811 00:38:39.776"/>
</if>
<status status="PASS" starttime="20220811 00:38:35.752" endtime="20220811 00:38:39.776"/>
</kw>
<kw name="Sleep" library="BuiltIn">
<arg>3</arg>
<doc>Pauses the test executed for the given time.</doc>
<msg timestamp="20220811 00:38:42.790" level="INFO">Slept 3 seconds</msg>
<status status="PASS" starttime="20220811 00:38:39.778" endtime="20220811 00:38:42.790"/>
</kw>
<kw name="Logout from cloudvuemanager" library="dashboardpage">
<doc>Logging out from cloudvuemanager</doc>
<kw name="Click Element" library="SeleniumLibrary">
<arg>${logoutdots}</arg>
<doc>Click the element identified by ``locator``.</doc>
<msg timestamp="20220811 00:38:42.796" level="INFO">Clicking element 'xpath://body//div[@id="root"]//div[@class="content"]//div//div//div//div[3]//button[1]//div[1]//*[local-name()="svg"]'.</msg>
<status status="PASS" starttime="20220811 00:38:42.794" endtime="20220811 00:38:43.223"/>
</kw>
<kw name="Click Element" library="SeleniumLibrary">
<arg>${logoutbtn}</arg>
<doc>Click the element identified by ``locator``.</doc>
<msg timestamp="20220811 00:38:43.224" level="INFO">Clicking element 'xpath://div[contains(text(),"Log out")]'.</msg>
<status status="PASS" starttime="20220811 00:38:43.223" endtime="20220811 00:38:43.632"/>
</kw>
<status status="PASS" starttime="20220811 00:38:42.793" endtime="20220811 00:38:43.632"/>
</kw>
<kw name="Log To Console" library="BuiltIn">
<arg>${testcycle}</arg>
<doc>Logs the given message to the console.</doc>
<status status="PASS" starttime="20220811 00:38:43.633" endtime="20220811 00:38:43.634"/>
</kw>
<kw name="Close Browser" library="SeleniumLibrary">
<doc>Closes the current browser.</doc>
<status status="PASS" starttime="20220811 00:38:43.635" endtime="20220811 00:38:44.308"/>
</kw>
<kw name="Zephyr Result" library="Zephyrscale" type="TEARDOWN">
<msg timestamp="20220811 00:38:44.734" level="INFO">CLOUDV-R120</msg>
<msg timestamp="20220811 00:38:45.412" level="INFO">XXXXXXXXXXXXXXXXXXXXXXXXXXXXXXXXXXXX
0fe3ab37616017416a06025f068663e101273726
https://automate.browserstack.com/builds/d91403230ac23d7654f7e50a3b341e770e06efdb/sessions/0fe3ab37616017416a06025f068663e101273726?auth_token=5e23162b395c0ea366814d6806868a818849be14695d9d957cba5e928c2c9348</msg>
<status status="PASS" starttime="20220811 00:38:44.310" endtime="20220811 00:38:45.414"/>
</kw>
<status status="PASS" starttime="20220811 00:38:23.466" endtime="20220811 00:38:45.415"/>
</test>
<test id="s1-t2" name="CLOUDV-T2385: Verify forgot password functionality" line="35">
<kw name="Open Web Browser" library="commonutility">
<arg>${cloudvuemanagerURL}</arg>
<arg>${browser}</arg>
<doc>The objective of this method is to open browser on the browserstack or local based on the request</doc>
<if>
<branch type="IF" condition="&quot;${platform}&quot; == &quot;bstack&quot;">
<kw name="Open Browser" library="SeleniumLibrary">
<arg>${cloudvuemanagerURL}</arg>
<arg>${browser}</arg>
<arg>remote_url=${REMOTE_URL}</arg>
<arg>desired_capabilities=browser:${browser},browser_version:${BROWSER_VERSION},os:${os},os_version:${OS_VERSION}</arg>
<doc>Opens a new browser instance to the optional ``url``.</doc>
<msg timestamp="20220811 00:38:45.434" level="INFO">Opening browser 'chrome' to base url 'https://dev-dashboard.cloudvue.com/login' through remote server at 'http://jitendra_x2E8IF:pTBJPjz8AAw3qLL1Ts27@hub-cloud.browserstack.com/wd/hub'.</msg>
<status status="PASS" starttime="20220811 00:38:45.429" endtime="20220811 00:38:52.006"/>
</kw>
<kw name="Get Session Id" library="SeleniumLibrary">
<var>${browserid2}</var>
<doc>Returns the currently active browser session id.</doc>
<msg timestamp="20220811 00:38:52.007" level="INFO">${browserid2} = ca37b3daa78d73e05a69133c5d86cddefa3db30f</msg>
<status status="PASS" starttime="20220811 00:38:52.006" endtime="20220811 00:38:52.007"/>
</kw>
<kw name="Set Test Variable" library="BuiltIn">
<arg>${browserid}</arg>
<arg>${browserid2}</arg>
<doc>Makes a variable available everywhere within the scope of the current test.</doc>
<msg timestamp="20220811 00:38:52.008" level="INFO">${browserid} = ca37b3daa78d73e05a69133c5d86cddefa3db30f</msg>
<status status="PASS" starttime="20220811 00:38:52.007" endtime="20220811 00:38:52.008"/>
</kw>
<status status="PASS" starttime="20220811 00:38:45.429" endtime="20220811 00:38:52.008"/>
</branch>
<branch type="ELSE IF" condition="&quot;${platform}&quot; == &quot;local&quot;">
<kw name="Open Browser" library="SeleniumLibrary">
<arg>${cloudvuemanagerURL}</arg>
<arg>${browser}</arg>
<doc>Opens a new browser instance to the optional ``url``.</doc>
<status status="NOT RUN" starttime="20220811 00:38:52.008" endtime="20220811 00:38:52.008"/>
</kw>
<status status="NOT RUN" starttime="20220811 00:38:52.008" endtime="20220811 00:38:52.009"/>
</branch>
<status status="PASS" starttime="20220811 00:38:45.428" endtime="20220811 00:38:52.009"/>
</if>
<kw name="Maximize Browser Window" library="SeleniumLibrary">
<doc>Maximizes current browser window.</doc>
<status status="PASS" starttime="20220811 00:38:52.009" endtime="20220811 00:38:52.336"/>
</kw>
<status status="PASS" starttime="20220811 00:38:45.425" endtime="20220811 00:38:52.336"/>
</kw>
<kw name="Click on Forgot password" library="loginpage">
<doc>The objective of this method is to ro click on the forgot password link</doc>
<kw name="Click Element" library="SeleniumLibrary">
<arg>${forgotpasswordlink}</arg>
<doc>Click the element identified by ``locator``.</doc>
<msg timestamp="20220811 00:38:52.338" level="INFO">Clicking element 'xpath://span[text() = "Forgot Password?"]'.</msg>
<status status="PASS" starttime="20220811 00:38:52.338" endtime="20220811 00:38:52.745"/>
</kw>
<status status="PASS" starttime="20220811 00:38:52.337" endtime="20220811 00:38:52.745"/>
</kw>
<kw name="Verify the Forgot Password page UI" library="loginpage">
<doc>The objective of this method is to verify forgot password UI</doc>
<kw name="Page Should Contain Element" library="SeleniumLibrary">
<arg>xpath://span[text() = "Reset Password"]</arg>
<doc>Verifies that element ``locator`` is found on the current page.</doc>
<msg timestamp="20220811 00:38:52.848" level="INFO">Current page contains element 'xpath://span[text() = "Reset Password"]'.</msg>
<status status="PASS" starttime="20220811 00:38:52.747" endtime="20220811 00:38:52.849"/>
</kw>
<kw name="Title Should Be" library="SeleniumLibrary">
<arg>Cloudvue Manager</arg>
<doc>Verifies that the current page title equals ``title``.</doc>
<msg timestamp="20220811 00:38:53.052" level="INFO">Page title is 'Cloudvue Manager'.</msg>
<status status="PASS" starttime="20220811 00:38:52.849" endtime="20220811 00:38:53.053"/>
</kw>
<kw name="Location Should Contain" library="SeleniumLibrary">
<arg>resetpassword</arg>
<doc>Verifies that the current URL contains ``expected``.</doc>
<msg timestamp="20220811 00:38:53.116" level="INFO">Current location contains 'resetpassword'.</msg>
<status status="PASS" starttime="20220811 00:38:53.053" endtime="20220811 00:38:53.116"/>
</kw>
<status status="PASS" starttime="20220811 00:38:52.747" endtime="20220811 00:38:53.116"/>
</kw>
<kw name="Verify valid password Reset" library="loginpage">
<arg>${passwordresetemail}</arg>
<doc>The objective of this method is to verify valid password reset functionality</doc>
<kw name="Input Text" library="SeleniumLibrary">
<arg>${passwordresetemailID}</arg>
<arg>${passwordresetemail}</arg>
<doc>Types the given ``text`` into the text field identified by ``locator``.</doc>
<msg timestamp="20220811 00:38:53.120" level="INFO">Typing text 'vshahaqa@gmail.com' into text field 'id:ResetPasswordEmail'.</msg>
<status status="PASS" starttime="20220811 00:38:53.119" endtime="20220811 00:38:53.770"/>
</kw>
<kw name="Click Element" library="SeleniumLibrary">
<arg>${forgotpasswordsubmitbtn}</arg>
<doc>Click the element identified by ``locator``.</doc>
<msg timestamp="20220811 00:38:53.772" level="INFO">Clicking element 'xpath://span[normalize-space()="Submit"]'.</msg>
<status status="PASS" starttime="20220811 00:38:53.771" endtime="20220811 00:38:54.077"/>
</kw>
<kw name="Page Should Contain Element" library="SeleniumLibrary">
<arg>//span[normalize-space()='Please check your email for a password reset link']</arg>
<doc>Verifies that element ``locator`` is found on the current page.</doc>
<msg timestamp="20220811 00:38:54.384" level="INFO">Current page contains element '//span[normalize-space()='Please check your email for a password reset link']'.</msg>
<status status="PASS" starttime="20220811 00:38:54.078" endtime="20220811 00:38:54.384"/>
</kw>
<kw name="Click Element" library="SeleniumLibrary">
<arg>//span[normalize-space()="Ok"]</arg>
<doc>Click the element identified by ``locator``.</doc>
<msg timestamp="20220811 00:38:54.385" level="INFO">Clicking element '//span[normalize-space()="Ok"]'.</msg>
<status status="PASS" starttime="20220811 00:38:54.385" endtime="20220811 00:38:54.692"/>
</kw>
<kw name="Location Should Contain" library="SeleniumLibrary">
<arg>login</arg>
<doc>Verifies that the current URL contains ``expected``.</doc>
<msg timestamp="20220811 00:38:54.779" level="INFO">Current location contains 'login'.</msg>
<status status="PASS" starttime="20220811 00:38:54.692" endtime="20220811 00:38:54.779"/>
</kw>
<status status="PASS" starttime="20220811 00:38:53.118" endtime="20220811 00:38:54.781"/>
</kw>
<kw name="Close Browser" library="SeleniumLibrary">
<doc>Closes the current browser.</doc>
<status status="PASS" starttime="20220811 00:38:54.782" endtime="20220811 00:38:55.480"/>
</kw>
<kw name="Zephyr Result" library="Zephyrscale" type="TEARDOWN">
<msg timestamp="20220811 00:38:55.835" level="INFO">CLOUDV-R120</msg>
<msg timestamp="20220811 00:38:56.538" level="INFO">XXXXXXXXXXXXXXXXXXXXXXXXXXXXXXXXXXXX
ca37b3daa78d73e05a69133c5d86cddefa3db30f
https://automate.browserstack.com/builds/d91403230ac23d7654f7e50a3b341e770e06efdb/sessions/ca37b3daa78d73e05a69133c5d86cddefa3db30f?auth_token=a2a4abc2a7f0f8406dd717a2b21ff73a8497481572913810a1e5b84604efdf06</msg>
<status status="PASS" starttime="20220811 00:38:55.481" endtime="20220811 00:38:56.538"/>
</kw>
<status status="PASS" starttime="20220811 00:38:45.421" endtime="20220811 00:38:56.539"/>
</test>
<test id="s1-t3" name="CLOUDV-T2386: Verify register page" line="42">
<kw name="Open Web Browser" library="commonutility">
<arg>${cloudvuemanagerURL}</arg>
<arg>${browser}</arg>
<doc>The objective of this method is to open browser on the browserstack or local based on the request</doc>
<if>
<branch type="IF" condition="&quot;${platform}&quot; == &quot;bstack&quot;">
<kw name="Open Browser" library="SeleniumLibrary">
<arg>${cloudvuemanagerURL}</arg>
<arg>${browser}</arg>
<arg>remote_url=${REMOTE_URL}</arg>
<arg>desired_capabilities=browser:${browser},browser_version:${BROWSER_VERSION},os:${os},os_version:${OS_VERSION}</arg>
<doc>Opens a new browser instance to the optional ``url``.</doc>
<msg timestamp="20220811 00:38:56.547" level="INFO">Opening browser 'chrome' to base url 'https://dev-dashboard.cloudvue.com/login' through remote server at 'http://jitendra_x2E8IF:pTBJPjz8AAw3qLL1Ts27@hub-cloud.browserstack.com/wd/hub'.</msg>
<status status="PASS" starttime="20220811 00:38:56.545" endtime="20220811 00:39:04.949"/>
</kw>
<kw name="Get Session Id" library="SeleniumLibrary">
<var>${browserid2}</var>
<doc>Returns the currently active browser session id.</doc>
<msg timestamp="20220811 00:39:04.950" level="INFO">${browserid2} = 92a0f6d91ef727591262423668cc79554be4b534</msg>
<status status="PASS" starttime="20220811 00:39:04.949" endtime="20220811 00:39:04.950"/>
</kw>
<kw name="Set Test Variable" library="BuiltIn">
<arg>${browserid}</arg>
<arg>${browserid2}</arg>
<doc>Makes a variable available everywhere within the scope of the current test.</doc>
<msg timestamp="20220811 00:39:04.951" level="INFO">${browserid} = 92a0f6d91ef727591262423668cc79554be4b534</msg>
<status status="PASS" starttime="20220811 00:39:04.950" endtime="20220811 00:39:04.951"/>
</kw>
<status status="PASS" starttime="20220811 00:38:56.545" endtime="20220811 00:39:04.951"/>
</branch>
<branch type="ELSE IF" condition="&quot;${platform}&quot; == &quot;local&quot;">
<kw name="Open Browser" library="SeleniumLibrary">
<arg>${cloudvuemanagerURL}</arg>
<arg>${browser}</arg>
<doc>Opens a new browser instance to the optional ``url``.</doc>
<status status="NOT RUN" starttime="20220811 00:39:04.952" endtime="20220811 00:39:04.952"/>
</kw>
<status status="NOT RUN" starttime="20220811 00:39:04.951" endtime="20220811 00:39:04.952"/>
</branch>
<status status="PASS" starttime="20220811 00:38:56.545" endtime="20220811 00:39:04.952"/>
</if>
<kw name="Maximize Browser Window" library="SeleniumLibrary">
<doc>Maximizes current browser window.</doc>
<status status="PASS" starttime="20220811 00:39:04.952" endtime="20220811 00:39:05.340"/>
</kw>
<status status="PASS" starttime="20220811 00:38:56.544" endtime="20220811 00:39:05.341"/>
</kw>
<kw name="Click on Register link" library="loginpage">
<doc>The objective of this method is to click on the Register functionality</doc>
<kw name="Click Element" library="SeleniumLibrary">
<arg>${Registerlink}</arg>
<doc>Click the element identified by ``locator``.</doc>
<msg timestamp="20220811 00:39:05.344" level="INFO">Clicking element 'xpath://span[text()="Register"]'.</msg>
<status status="PASS" starttime="20220811 00:39:05.343" endtime="20220811 00:39:05.610"/>
</kw>
<status status="PASS" starttime="20220811 00:39:05.342" endtime="20220811 00:39:05.611"/>
</kw>
<kw name="Verify the register page UI" library="loginpage">
<doc>The objective of the method is to verify UI of the Register page</doc>
<kw name="Page Should Contain Element" library="SeleniumLibrary">
<arg>xpath://span[normalize-space()="Register a Staff"]</arg>
<doc>Verifies that element ``locator`` is found on the current page.</doc>
<msg timestamp="20220811 00:39:05.686" level="INFO">Current page contains element 'xpath://span[normalize-space()="Register a Staff"]'.</msg>
<status status="PASS" starttime="20220811 00:39:05.612" endtime="20220811 00:39:05.686"/>
</kw>
<kw name="Title Should Be" library="SeleniumLibrary">
<arg>Cloudvue Manager</arg>
<doc>Verifies that the current page title equals ``title``.</doc>
<msg timestamp="20220811 00:39:05.852" level="INFO">Page title is 'Cloudvue Manager'.</msg>
<status status="PASS" starttime="20220811 00:39:05.686" endtime="20220811 00:39:05.852"/>
</kw>
<kw name="Location Should Contain" library="SeleniumLibrary">
<arg>register</arg>
<doc>Verifies that the current URL contains ``expected``.</doc>
<msg timestamp="20220811 00:39:06.014" level="INFO">Current location contains 'register'.</msg>
<status status="PASS" starttime="20220811 00:39:05.853" endtime="20220811 00:39:06.014"/>
</kw>
<status status="PASS" starttime="20220811 00:39:05.612" endtime="20220811 00:39:06.015"/>
</kw>
<kw name="Verify register page input text boxes" library="loginpage">
<doc>The objective of the method is to make sure that all register page input elements is working and allow user to enter data</doc>
<kw name="Generate Random String" library="String">
<var>${Regiserpassword}</var>
<arg>10</arg>
<arg>[LOWER]</arg>
<doc>Generates a string with a desired ``length`` from the given ``chars``.</doc>
<msg timestamp="20220811 00:39:06.020" level="INFO">${Regiserpassword} = ximsnaiyfm</msg>
<status status="PASS" starttime="20220811 00:39:06.019" endtime="20220811 00:39:06.020"/>
</kw>
<kw name="Generate Random String" library="String">
<var>${Regiserfirstname}</var>
<arg>8</arg>
<arg>[LOWER]</arg>
<doc>Generates a string with a desired ``length`` from the given ``chars``.</doc>
<msg timestamp="20220811 00:39:06.022" level="INFO">${Regiserfirstname} = eqyusnyt</msg>
<status status="PASS" starttime="20220811 00:39:06.021" endtime="20220811 00:39:06.022"/>
</kw>
<kw name="Generate Random String" library="String">
<var>${Regiserlastname}</var>
<arg>8</arg>
<arg>[LOWER]</arg>
<doc>Generates a string with a desired ``length`` from the given ``chars``.</doc>
<msg timestamp="20220811 00:39:06.024" level="INFO">${Regiserlastname} = gevuinok</msg>
<status status="PASS" starttime="20220811 00:39:06.022" endtime="20220811 00:39:06.024"/>
</kw>
<kw name="Generate Random String" library="String">
<var>${Regiserpartner}</var>
<arg>5</arg>
<arg>[UPPER]</arg>
<doc>Generates a string with a desired ``length`` from the given ``chars``.</doc>
<msg timestamp="20220811 00:39:06.027" level="INFO">${Regiserpartner} = ZOLZR</msg>
<status status="PASS" starttime="20220811 00:39:06.026" endtime="20220811 00:39:06.027"/>
</kw>
<kw name="Catenate" library="BuiltIn">
<var>${Regiseremail}</var>
<arg>SEPARATOR=</arg>
<arg>${Regiserfirstname}</arg>
<arg>@endtest-mail.io</arg>
<doc>Catenates the given items together and returns the resulted string.</doc>
<msg timestamp="20220811 00:39:06.030" level="INFO">${Regiseremail} = eqyusnyt@endtest-mail.io</msg>
<status status="PASS" starttime="20220811 00:39:06.028" endtime="20220811 00:39:06.030"/>
</kw>
<kw name="Input Text" library="SeleniumLibrary">
<arg>${RegisteremailID}</arg>
<arg>${Regiseremail}</arg>
<doc>Types the given ``text`` into the text field identified by ``locator``.</doc>
<msg timestamp="20220811 00:39:06.032" level="INFO">Typing text 'eqyusnyt@endtest-mail.io' into text field 'id:RegisterEmail'.</msg>
<status status="PASS" starttime="20220811 00:39:06.031" endtime="20220811 00:39:06.570"/>
</kw>
<kw name="Input Text" library="SeleniumLibrary">
<arg>${RegisterpasswordID}</arg>
<arg>${Regiserpassword}</arg>
<doc>Types the given ``text`` into the text field identified by ``locator``.</doc>
<msg timestamp="20220811 00:39:06.571" level="INFO">Typing text 'ximsnaiyfm' into text field 'id:RegisterPassword'.</msg>
<status status="PASS" starttime="20220811 00:39:06.570" endtime="20220811 00:39:07.083"/>
</kw>
<kw name="Input Text" library="SeleniumLibrary">
<arg>${RegiserconfimationpasswordID}</arg>
<arg>${Regiserpassword}</arg>
<doc>Types the given ``text`` into the text field identified by ``locator``.</doc>
<msg timestamp="20220811 00:39:07.085" level="INFO">Typing text 'ximsnaiyfm' into text field 'id:RegisterConfirmPassword'.</msg>
<status status="PASS" starttime="20220811 00:39:07.083" endtime="20220811 00:39:07.494"/>
</kw>
<kw name="Input Text" library="SeleniumLibrary">
<arg>${RegisterfirstNameID}</arg>
<arg>${Regiserfirstname}</arg>
<doc>Types the given ``text`` into the text field identified by ``locator``.</doc>
<msg timestamp="20220811 00:39:07.494" level="INFO">Typing text 'eqyusnyt' into text field 'id:RegisterFirstName'.</msg>
<status status="PASS" starttime="20220811 00:39:07.494" endtime="20220811 00:39:07.840"/>
</kw>
<kw name="Input Text" library="SeleniumLibrary">
<arg>${RegisterlastNameID}</arg>
<arg>${Regiserlastname}</arg>
<doc>Types the given ``text`` into the text field identified by ``locator``.</doc>
<msg timestamp="20220811 00:39:07.841" level="INFO">Typing text 'gevuinok' into text field 'id:RegisterLastName'.</msg>
<status status="PASS" starttime="20220811 00:39:07.840" endtime="20220811 00:39:08.160"/>
</kw>
<kw name="Input Text" library="SeleniumLibrary">
<arg>${RegisterpartnernameID}</arg>
<arg>${Regiserpartner}</arg>
<doc>Types the given ``text`` into the text field identified by ``locator``.</doc>
<msg timestamp="20220811 00:39:08.161" level="INFO">Typing text 'ZOLZR' into text field 'id:RegisterPartnerName'.</msg>
<status status="PASS" starttime="20220811 00:39:08.160" endtime="20220811 00:39:08.565"/>
</kw>
<status status="PASS" starttime="20220811 00:39:06.017" endtime="20220811 00:39:08.566"/>
</kw>
<kw name="Sleep" library="BuiltIn">
<arg>2</arg>
<doc>Pauses the test executed for the given time.</doc>
<msg timestamp="20220811 00:39:10.570" level="INFO">Slept 2 seconds</msg>
<status status="PASS" starttime="20220811 00:39:08.567" endtime="20220811 00:39:10.571"/>
</kw>
<kw name="Click on the register page cancel button" library="loginpage">
<doc>The objective of the method is to click on the cancel button</doc>
<kw name="Click Element" library="SeleniumLibrary">
<arg>xpath://span[normalize-space()="Cancel"]</arg>
<doc>Click the element identified by ``locator``.</doc>
<msg timestamp="20220811 00:39:10.575" level="INFO">Clicking element 'xpath://span[normalize-space()="Cancel"]'.</msg>
<status status="PASS" starttime="20220811 00:39:10.575" endtime="20220811 00:39:10.972"/>
</kw>
<status status="PASS" starttime="20220811 00:39:10.574" endtime="20220811 00:39:10.972"/>
</kw>
<kw name="Close Browser" library="SeleniumLibrary">
<doc>Closes the current browser.</doc>
<status status="PASS" starttime="20220811 00:39:10.974" endtime="20220811 00:39:11.568"/>
</kw>
<kw name="Zephyr Result" library="Zephyrscale" type="TEARDOWN">
<msg timestamp="20220811 00:39:11.864" level="INFO">CLOUDV-R120</msg>
<msg timestamp="20220811 00:39:12.592" level="INFO">XXXXXXXXXXXXXXXXXXXXXXXXXXXXXXXXXXXX
92a0f6d91ef727591262423668cc79554be4b534
https://automate.browserstack.com/builds/d91403230ac23d7654f7e50a3b341e770e06efdb/sessions/92a0f6d91ef727591262423668cc79554be4b534?auth_token=83501d776dd1510f1a2d9c10cf59eb767b0638c93d17ad06a6cd0f590a804f52</msg>
<status status="PASS" starttime="20220811 00:39:11.575" endtime="20220811 00:39:12.593"/>
</kw>
<status status="PASS" starttime="20220811 00:38:56.542" endtime="20220811 00:39:12.594"/>
</test>
<status status="PASS" starttime="20220811 00:38:21.153" endtime="20220811 00:39:12.598"/>
</suite>
<statistics>
<total>
<stat pass="3" fail="0" skip="0">All Tests</stat>
</total>
<tag>
</tag>
<suite>
<stat pass="3" fail="0" skip="0" id="s1" name="loginpageTest">loginpageTest</stat>
</suite>
</statistics>
<errors>
</errors>
</robot>
